[debug] [2023-05-20T08:38:53.868Z] ----------------------------------------------------------------------
[debug] [2023-05-20T08:38:53.871Z] Command:       C:\Program Files\nodejs\node.exe C:\Users\Admin\AppData\Roaming\npm\node_modules\firebase-tools\lib\bin\firebase.js init
[debug] [2023-05-20T08:38:53.871Z] CLI Version:   12.1.0
[debug] [2023-05-20T08:38:53.871Z] Platform:      win32
[debug] [2023-05-20T08:38:53.872Z] Node Version:  v18.16.0
[debug] [2023-05-20T08:38:53.873Z] Time:          Sat May 20 2023 15:38:53 GMT+0700 (Indochina Time)
[debug] [2023-05-20T08:38:53.873Z] ----------------------------------------------------------------------
[debug] 
[debug] [2023-05-20T08:38:53.882Z] > command requires scopes: ["email","openid","https://www.googleapis.com/auth/cloudplatformprojects.readonly","https://www.googleapis.com/auth/firebase","https://www.googleapis.com/auth/cloud-platform"]
[debug] [2023-05-20T08:38:53.882Z] > authorizing via signed-in user (dangngoctien98@gmail.com)
[info] 
     ######## #### ########  ######## ########     ###     ######  ########
     ##        ##  ##     ## ##       ##     ##  ##   ##  ##       ##
     ######    ##  ########  ######   ########  #########  ######  ######
     ##        ##  ##    ##  ##       ##     ## ##     ##       ## ##
     ##       #### ##     ## ######## ########  ##     ##  ######  ########

You're about to initialize a Firebase project in this directory:

  D:\Project Angular\ecommerce-app

[info] 
=== Project Setup
[info] 
[info] First, let's associate this project directory with a Firebase project.
[info] You can create multiple project aliases by running firebase use --add, 
[info] but for now we'll just set up a default project.
[info] 
[debug] [2023-05-20T08:39:32.066Z] >>> [apiv2][query] GET https://firebase.googleapis.com/v1beta1/projects pageSize=100
[debug] [2023-05-20T08:39:32.918Z] <<< [apiv2][status] GET https://firebase.googleapis.com/v1beta1/projects 200
[debug] [2023-05-20T08:39:32.919Z] <<< [apiv2][body] GET https://firebase.googleapis.com/v1beta1/projects [omitted]
[info] i  Using project angular-ecommerce-482db (angular-ecommerce) 
[info] 
=== Hosting Setup
[info] 
[info] Your public directory is the folder (relative to your project directory) that
[info] will contain Hosting assets to be uploaded with firebase deploy. If you
[info] have a build process for your assets, use your build's output directory.
[info] 
[debug] [2023-05-20T08:40:51.945Z] >>> [apiv2][query] GET https://www.gstatic.com/firebasejs/releases.json [none]
[debug] [2023-05-20T08:40:52.205Z] <<< [apiv2][status] GET https://www.gstatic.com/firebasejs/releases.json 200
[debug] [2023-05-20T08:40:52.207Z] <<< [apiv2][body] GET https://www.gstatic.com/firebasejs/releases.json {"current":{"version":"9.22.0","browserURL":"https://www.gstatic.com/firebasejs/9.22.0/firebase.js","packageURL":"https://www.gstatic.com/firebasejs/9.22.0/firebase.tgz"},"live":{"version":"9.22","browserURL":"https://www.gstatic.com/firebasejs/live/9.22/firebase.js","packageURL":"https://www.gstatic.com/firebasejs/live/9.22/firebase.tgz"},"components":{"analytics":"https://www.gstatic.com/firebasejs/9.22.0/firebase-analytics.js","app":"https://www.gstatic.com/firebasejs/9.22.0/firebase-app.js","app-check":"https://www.gstatic.com/firebasejs/9.22.0/firebase-app-check.js","auth":"https://www.gstatic.com/firebasejs/9.22.0/firebase-auth.js","auth/cordova":"https://www.gstatic.com/firebasejs/9.22.0/firebase-auth/cordova.js","auth/react-native":"https://www.gstatic.com/firebasejs/9.22.0/firebase-auth/react-native.js","functions":"https://www.gstatic.com/firebasejs/9.22.0/firebase-functions.js","firestore":"https://www.gstatic.com/firebasejs/9.22.0/firebase-firestore.js","firestore/lite":"https://www.gstatic.com/firebasejs/9.22.0/firebase-firestore/lite.js","installations":"https://www.gstatic.com/firebasejs/9.22.0/firebase-installations.js","storage":"https://www.gstatic.com/firebasejs/9.22.0/firebase-storage.js","performance":"https://www.gstatic.com/firebasejs/9.22.0/firebase-performance.js","remote-config":"https://www.gstatic.com/firebasejs/9.22.0/firebase-remote-config.js","messaging":"https://www.gstatic.com/firebasejs/9.22.0/firebase-messaging.js","messaging/sw":"https://www.gstatic.com/firebasejs/9.22.0/firebase-messaging/sw.js","database":"https://www.gstatic.com/firebasejs/9.22.0/firebase-database.js","firestore.memory":"https://www.gstatic.com/firebasejs/9.22.0/firebase-firestore.memory.js"}}
[info] +  Wrote public/index.html 
[info] 
[info] i  Didn't detect a .git folder. Assuming D:\Project Angular\ecommerce-app is the project root. 
[info] i  Authorizing with GitHub to upload your service account to a GitHub repository's secrets store. 
[info] 
[info] Visit this URL on this device to log in:
[info] https://github.com/login/oauth/authorize?client_id=89cf50f02ac6aaed3484&state=286047994&redirect_uri=http%3A%2F%2Flocalhost%3A9005&scope=read%3Auser%20repo%20public_repo
[info] 
[info] Waiting for authentication...
[debug] [2023-05-20T08:41:00.087Z] >>> [apiv2][query] POST https://github.com/login/oauth/access_token [none]
[debug] [2023-05-20T08:41:00.087Z] >>> [apiv2][body] POST https://github.com/login/oauth/access_token [stream]
[debug] [2023-05-20T08:41:00.607Z] <<< [apiv2][status] POST https://github.com/login/oauth/access_token 200
[debug] [2023-05-20T08:41:00.609Z] <<< [apiv2][body] POST https://github.com/login/oauth/access_token {"access_token":"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","token_type":"bearer","scope":"read:user,repo"}
[debug] [2023-05-20T08:41:00.649Z] >>> [apiv2][query] GET https://api.github.com/user [none]
[debug] [2023-05-20T08:41:01.170Z] <<< [apiv2][status] GET https://api.github.com/user 200
[debug] [2023-05-20T08:41:01.170Z] <<< [apiv2][body] GET https://api.github.com/user {"login":"ngoctien363","id":61101250,"node_id":"MDQ6VXNlcjYxMTAxMjUw","avatar_url":"https://avatars.githubusercontent.com/u/61101250?v=4","gravatar_id":"","url":"https://api.github.com/users/ngoctien363","html_url":"https://github.com/ngoctien363","followers_url":"https://api.github.com/users/ngoctien363/followers","following_url":"https://api.github.com/users/ngoctien363/following{/other_user}","gists_url":"https://api.github.com/users/ngoctien363/gists{/gist_id}","starred_url":"https://api.github.com/users/ngoctien363/starred{/owner}{/repo}","subscriptions_url":"https://api.github.com/users/ngoctien363/subscriptions","organizations_url":"https://api.github.com/users/ngoctien363/orgs","repos_url":"https://api.github.com/users/ngoctien363/repos","events_url":"https://api.github.com/users/ngoctien363/events{/privacy}","received_events_url":"https://api.github.com/users/ngoctien363/received_events","type":"User","site_admin":false,"name":"Ngọc Tiến","company":null,"blog":"","location":null,"email":null,"hireable":null,"bio":null,"twitter_username":null,"public_repos":6,"public_gists":0,"followers":0,"following":3,"created_at":"2020-02-16T03:09:04Z","updated_at":"2023-05-20T08:40:56Z","private_gists":0,"total_private_repos":1,"owned_private_repos":1,"disk_usage":3443,"collaborators":0,"two_factor_authentication":false,"plan":{"name":"free","space":976562499,"collaborators":0,"private_repos":10000}}
[info] 
[info] +  Success! Logged into GitHub as ngoctien363 
[info] 
[debug] [2023-05-20T08:41:25.725Z] >>> [apiv2][query] GET https://api.github.com/repos//actions/secrets/public-key type=owner
[debug] [2023-05-20T08:41:26.126Z] <<< [apiv2][status] GET https://api.github.com/repos//actions/secrets/public-key 404
[debug] [2023-05-20T08:41:26.126Z] <<< [apiv2][body] GET https://api.github.com/repos//actions/secrets/public-key {"message":"Not Found","documentation_url":"https://docs.github.com/rest"}
[info] 
[info] 
[error] !  The provided authorization cannot be used with this repository. If this repository is in an organization, did you remember to grant access? 
[info] 
[info] i  Action required: Visit this URL to ensure access has been granted to the appropriate organization(s) for the Firebase CLI GitHub OAuth App: 
[info] https://github.com/settings/connections/applications/89cf50f02ac6aaed3484
[info] 
[debug] [2023-05-20T08:41:33.147Z] >>> [apiv2][query] GET https://api.github.com/repos/y/actions/secrets/public-key type=owner
[debug] [2023-05-20T08:41:33.558Z] <<< [apiv2][status] GET https://api.github.com/repos/y/actions/secrets/public-key 404
[debug] [2023-05-20T08:41:33.559Z] <<< [apiv2][body] GET https://api.github.com/repos/y/actions/secrets/public-key {"message":"Not Found","documentation_url":"https://docs.github.com/rest"}
[info] 
[info] 
[error] !  The provided authorization cannot be used with this repository. If this repository is in an organization, did you remember to grant access? 
[info] 
[info] i  Action required: Visit this URL to ensure access has been granted to the appropriate organization(s) for the Firebase CLI GitHub OAuth App: 
[info] https://github.com/settings/connections/applications/89cf50f02ac6aaed3484
[info] 
